<?xml version="1.0" encoding="UTF-8"?>
<!-- Generated by org.testng.reporters.JUnitXMLReporter -->
<testsuite ignored="0" hostname="DESKTOP-1BDTHPI" failures="0" tests="7" name="Test" time="0.131" errors="0" timestamp="2025-09-23T18:16:35 IST">
  <testcase classname="testNG.TestNg2" name="Firstperson" time="0.021"/>
  <testcase classname="testNG.TestNg2" name="FourthPerson" time="0.002"/>
  <testcase classname="testNG.TestNg2" name="SecondPerson" time="0.002"/>
  <testcase classname="testNG.TestNg2" name="ThirdPerson" time="0.001"/>
  <testcase classname="testNG.TestNG1" name="Bikeloan" time="0.002"/>
  <testcase classname="testNG.TestNG1" name="Carloan" time="0.002"/>
  <testcase classname="testNG.TestNG1" name="Taxiloan" time="0.002"/>
</testsuite> <!-- Test -->
