<?xml version="1.0" encoding="UTF-8"?>
<testng-results ignored="0" total="12" passed="12" failed="0" skipped="0">
  <reporter-output>
  </reporter-output>
  <suite started-at="2025-09-23T18:16:35 IST" name="Suite" finished-at="2025-09-23T18:16:35 IST" duration-ms="267">
    <groups>
    </groups>
    <test started-at="2025-09-23T18:16:35 IST" name="Test" finished-at="2025-09-23T18:16:35 IST" duration-ms="131">
      <class name="testNG.TestNg2">
        <test-method signature="Firstperson()[pri:0, instance:testNG.TestNg2@6175619b]" started-at="2025-09-23T18:16:35 IST" name="Firstperson" finished-at="2025-09-23T18:16:35 IST" duration-ms="21" status="PASS">
          <reporter-output>
          </reporter-output>
        </test-method> <!-- Firstperson -->
        <test-method signature="FourthPerson()[pri:0, instance:testNG.TestNg2@6175619b]" started-at="2025-09-23T18:16:35 IST" name="FourthPerson" finished-at="2025-09-23T18:16:35 IST" duration-ms="2" status="PASS">
          <reporter-output>
          </reporter-output>
        </test-method> <!-- FourthPerson -->
        <test-method signature="SecondPerson()[pri:0, instance:testNG.TestNg2@6175619b]" started-at="2025-09-23T18:16:35 IST" name="SecondPerson" finished-at="2025-09-23T18:16:35 IST" duration-ms="2" status="PASS">
          <reporter-output>
          </reporter-output>
        </test-method> <!-- SecondPerson -->
        <test-method signature="ThirdPerson()[pri:0, instance:testNG.TestNg2@6175619b]" started-at="2025-09-23T18:16:35 IST" name="ThirdPerson" finished-at="2025-09-23T18:16:35 IST" duration-ms="1" status="PASS">
          <reporter-output>
          </reporter-output>
        </test-method> <!-- ThirdPerson -->
      </class> <!-- testNG.TestNg2 -->
      <class name="testNG.TestNG1">
        <test-method signature="Bikeloan()[pri:0, instance:testNG.TestNG1@30ea8c23]" started-at="2025-09-23T18:16:35 IST" name="Bikeloan" finished-at="2025-09-23T18:16:35 IST" duration-ms="2" status="PASS">
          <reporter-output>
          </reporter-output>
        </test-method> <!-- Bikeloan -->
        <test-method signature="Carloan()[pri:0, instance:testNG.TestNG1@30ea8c23]" started-at="2025-09-23T18:16:35 IST" name="Carloan" finished-at="2025-09-23T18:16:35 IST" duration-ms="2" status="PASS">
          <reporter-output>
          </reporter-output>
        </test-method> <!-- Carloan -->
        <test-method signature="Taxiloan()[pri:0, instance:testNG.TestNG1@30ea8c23]" started-at="2025-09-23T18:16:35 IST" name="Taxiloan" finished-at="2025-09-23T18:16:35 IST" duration-ms="2" status="PASS">
          <reporter-output>
          </reporter-output>
        </test-method> <!-- Taxiloan -->
      </class> <!-- testNG.TestNG1 -->
    </test> <!-- Test -->
    <test started-at="2025-09-23T18:16:35 IST" name="Loans" finished-at="2025-09-23T18:16:35 IST" duration-ms="25">
      <class name="testNG.NGtest">
        <test-method signature="testcase1()[pri:0, instance:testNG.NGtest@7df587ef]" started-at="2025-09-23T18:16:35 IST" name="testcase1" finished-at="2025-09-23T18:16:35 IST" duration-ms="2" status="PASS">
          <reporter-output>
          </reporter-output>
        </test-method> <!-- testcase1 -->
        <test-method signature="testcase2()[pri:0, instance:testNG.NGtest@7df587ef]" started-at="2025-09-23T18:16:35 IST" name="testcase2" finished-at="2025-09-23T18:16:35 IST" duration-ms="1" status="PASS">
          <reporter-output>
          </reporter-output>
        </test-method> <!-- testcase2 -->
        <test-method signature="testcase3()[pri:0, instance:testNG.NGtest@7df587ef]" started-at="2025-09-23T18:16:35 IST" name="testcase3" finished-at="2025-09-23T18:16:35 IST" duration-ms="1" status="PASS">
          <reporter-output>
          </reporter-output>
        </test-method> <!-- testcase3 -->
        <test-method signature="testcase4()[pri:0, instance:testNG.NGtest@7df587ef]" started-at="2025-09-23T18:16:35 IST" name="testcase4" finished-at="2025-09-23T18:16:35 IST" duration-ms="2" status="PASS">
          <reporter-output>
          </reporter-output>
        </test-method> <!-- testcase4 -->
        <test-method signature="testcase5()[pri:0, instance:testNG.NGtest@7df587ef]" started-at="2025-09-23T18:16:35 IST" name="testcase5" finished-at="2025-09-23T18:16:35 IST" duration-ms="2" status="PASS">
          <reporter-output>
          </reporter-output>
        </test-method> <!-- testcase5 -->
      </class> <!-- testNG.NGtest -->
    </test> <!-- Loans -->
  </suite> <!-- Suite -->
</testng-results>
