<?xml version="1.0" encoding="UTF-8"?>
<!-- Generated by org.testng.reporters.JUnitXMLReporter -->
<testsuite ignored="0" hostname="DESKTOP-1BDTHPI" failures="0" tests="5" name="Default test" time="0.064" errors="0" timestamp="2025-09-23T17:58:29 IST">
  <testcase classname="testNG.NGtest" name="testcase1" time="0.008"/>
  <testcase classname="testNG.NGtest" name="testcase2" time="0.001"/>
  <testcase classname="testNG.NGtest" name="testcase3" time="0.001"/>
  <testcase classname="testNG.NGtest" name="testcase4" time="0.002"/>
  <testcase classname="testNG.NGtest" name="testcase5" time="0.002"/>
</testsuite> <!-- Default test -->
