<?xml version="1.0" encoding="UTF-8"?>
<!-- Generated by org.testng.reporters.JUnitReportReporter -->
<testsuite hostname="DESKTOP-1BDTHPI" failures="0" tests="5" name="testNG.NGtest" time="0.008" errors="0" timestamp="2025-09-23T18:16:35 IST" skipped="0">
  <testcase classname="testNG.NGtest" name="testcase1" time="0.002"/>
  <testcase classname="testNG.NGtest" name="testcase3" time="0.001"/>
  <testcase classname="testNG.NGtest" name="testcase5" time="0.002"/>
  <testcase classname="testNG.NGtest" name="testcase4" time="0.002"/>
  <testcase classname="testNG.NGtest" name="testcase2" time="0.001"/>
</testsuite> <!-- testNG.NGtest -->
