<?xml version="1.0" encoding="UTF-8"?>
<!-- Generated by org.testng.reporters.JUnitReportReporter -->
<testsuite hostname="DESKTOP-1BDTHPI" failures="0" tests="3" name="testNG.TestNG1" time="0.006" errors="0" timestamp="2025-09-23T18:16:35 IST" skipped="0">
  <testcase classname="testNG.TestNG1" name="Carloan" time="0.002"/>
  <testcase classname="testNG.TestNG1" name="Taxiloan" time="0.002"/>
  <testcase classname="testNG.TestNG1" name="Bikeloan" time="0.002"/>
</testsuite> <!-- testNG.TestNG1 -->
