<?xml version="1.0" encoding="UTF-8"?>
<!-- Generated by org.testng.reporters.JUnitReportReporter -->
<testsuite hostname="DESKTOP-1BDTHPI" failures="0" tests="4" name="testNG.TestNg2" time="0.026" errors="0" timestamp="2025-09-23T18:16:35 IST" skipped="0">
  <testcase classname="testNG.TestNg2" name="FourthPerson" time="0.002"/>
  <testcase classname="testNG.TestNg2" name="ThirdPerson" time="0.001"/>
  <testcase classname="testNG.TestNg2" name="Firstperson" time="0.021"/>
  <testcase classname="testNG.TestNg2" name="SecondPerson" time="0.002"/>
</testsuite> <!-- testNG.TestNg2 -->
